<?xml version="1.0" encoding="UTF-8"?>
<!-- Generated by org.testng.reporters.JUnitXMLReporter -->
<testsuite hostname="DESKTOP-0S89QK2" ignored="0" name="Test" tests="8" failures="0" timestamp="2021-05-25T13:36:34 IST" time="158.98" errors="0">
  <testcase name="createLead" time="13.066" classname="testcase.CreateLead"/>
  <testcase name="createLead" time="11.164" classname="testcase.CreateLead"/>
  <testcase name="edit" time="14.58" classname="testcase.EditLead"/>
  <testcase name="edit" time="15.7" classname="testcase.EditLead"/>
  <testcase name="edit" time="16.428" classname="testcase.EditLead"/>
  <testcase name="duplicateLead" time="17.304" classname="testcase.DuplicateLead"/>
  <testcase name="duplicateLead" time="15.512" classname="testcase.DuplicateLead"/>
  <testcase name="duplicateLead" time="16.71" classname="testcase.DuplicateLead"/>
</testsuite> <!-- Test -->
