<?xml version="1.0" encoding="UTF-8"?>
<testng-results skipped="0" failed="0" ignored="0" total="8" passed="8">
  <reporter-output>
  </reporter-output>
  <suite name="Suite" duration-ms="158980" started-at="2021-05-25T13:33:55 IST" finished-at="2021-05-25T13:36:34 IST">
    <groups>
    </groups>
    <test name="Test" duration-ms="158980" started-at="2021-05-25T13:33:55 IST" finished-at="2021-05-25T13:36:34 IST">
      <class name="testcase.EditLead">
        <test-method status="PASS" signature="setFileName()[pri:0, instance:testcase.EditLead@612679d6]" name="setFileName" is-config="true" duration-ms="0" started-at="2021-05-25T13:34:33 IST" finished-at="2021-05-25T13:34:33 IST">
          <reporter-output>
          </reporter-output>
        </test-method> <!-- setFileName -->
        <test-method status="PASS" signature="preCondition()[pri:0, instance:testcase.EditLead@612679d6]" name="preCondition" is-config="true" duration-ms="3231" started-at="2021-05-25T13:34:34 IST" finished-at="2021-05-25T13:34:37 IST">
          <reporter-output>
          </reporter-output>
        </test-method> <!-- preCondition -->
        <test-method status="PASS" signature="edit(java.lang.String, java.lang.String, java.lang.String, java.lang.String)[pri:0, instance:testcase.EditLead@612679d6]" name="edit" duration-ms="14580" started-at="2021-05-25T13:34:37 IST" data-provider="fetchData" finished-at="2021-05-25T13:34:51 IST">
          <params>
            <param index="0">
              <value>
                <![CDATA[DemoCSR]]>
              </value>
            </param>
            <param index="1">
              <value>
                <![CDATA[crmsfa]]>
              </value>
            </param>
            <param index="2">
              <value>
                <![CDATA[Edit]]>
              </value>
            </param>
            <param index="3">
              <value>
                <![CDATA[QA Automation Engineer]]>
              </value>
            </param>
          </params>
          <reporter-output>
          </reporter-output>
        </test-method> <!-- edit -->
        <test-method status="PASS" signature="postCondition()[pri:0, instance:testcase.EditLead@612679d6]" name="postCondition" is-config="true" duration-ms="248" started-at="2021-05-25T13:34:51 IST" finished-at="2021-05-25T13:34:52 IST">
          <reporter-output>
          </reporter-output>
        </test-method> <!-- postCondition -->
        <test-method status="PASS" signature="preCondition()[pri:0, instance:testcase.EditLead@612679d6]" name="preCondition" is-config="true" duration-ms="3531" started-at="2021-05-25T13:34:52 IST" finished-at="2021-05-25T13:34:55 IST">
          <reporter-output>
          </reporter-output>
        </test-method> <!-- preCondition -->
        <test-method status="PASS" signature="edit(java.lang.String, java.lang.String, java.lang.String, java.lang.String)[pri:0, instance:testcase.EditLead@612679d6]" name="edit" duration-ms="15700" started-at="2021-05-25T13:34:55 IST" data-provider="fetchData" finished-at="2021-05-25T13:35:11 IST">
          <params>
            <param index="0">
              <value>
                <![CDATA[DemoCSR]]>
              </value>
            </param>
            <param index="1">
              <value>
                <![CDATA[crmsfa]]>
              </value>
            </param>
            <param index="2">
              <value>
                <![CDATA[Edit Lead]]>
              </value>
            </param>
            <param index="3">
              <value>
                <![CDATA[Automate Web Page]]>
              </value>
            </param>
          </params>
          <reporter-output>
          </reporter-output>
        </test-method> <!-- edit -->
        <test-method status="PASS" signature="postCondition()[pri:0, instance:testcase.EditLead@612679d6]" name="postCondition" is-config="true" duration-ms="4142" started-at="2021-05-25T13:35:11 IST" finished-at="2021-05-25T13:35:15 IST">
          <reporter-output>
          </reporter-output>
        </test-method> <!-- postCondition -->
        <test-method status="PASS" signature="preCondition()[pri:0, instance:testcase.EditLead@612679d6]" name="preCondition" is-config="true" duration-ms="3076" started-at="2021-05-25T13:35:15 IST" finished-at="2021-05-25T13:35:18 IST">
          <reporter-output>
          </reporter-output>
        </test-method> <!-- preCondition -->
        <test-method status="PASS" signature="edit(java.lang.String, java.lang.String, java.lang.String, java.lang.String)[pri:0, instance:testcase.EditLead@612679d6]" name="edit" duration-ms="16428" started-at="2021-05-25T13:35:18 IST" data-provider="fetchData" finished-at="2021-05-25T13:35:35 IST">
          <params>
            <param index="0">
              <value>
                <![CDATA[DemoCSR]]>
              </value>
            </param>
            <param index="1">
              <value>
                <![CDATA[crmsfa]]>
              </value>
            </param>
            <param index="2">
              <value>
                <![CDATA[New Edit]]>
              </value>
            </param>
            <param index="3">
              <value>
                <![CDATA[Selenium WebDriver]]>
              </value>
            </param>
          </params>
          <reporter-output>
          </reporter-output>
        </test-method> <!-- edit -->
        <test-method status="PASS" signature="postCondition()[pri:0, instance:testcase.EditLead@612679d6]" name="postCondition" is-config="true" duration-ms="138" started-at="2021-05-25T13:35:35 IST" finished-at="2021-05-25T13:35:35 IST">
          <reporter-output>
          </reporter-output>
        </test-method> <!-- postCondition -->
      </class> <!-- testcase.EditLead -->
      <class name="testcase.CreateLead">
        <test-method status="PASS" signature="setFileName()[pri:0, instance:testcase.CreateLead@1060b431]" name="setFileName" is-config="true" duration-ms="16" started-at="2021-05-25T13:33:55 IST" finished-at="2021-05-25T13:33:55 IST">
          <reporter-output>
          </reporter-output>
        </test-method> <!-- setFileName -->
        <test-method status="PASS" signature="preCondition()[pri:0, instance:testcase.CreateLead@1060b431]" name="preCondition" is-config="true" duration-ms="5508" started-at="2021-05-25T13:33:56 IST" finished-at="2021-05-25T13:34:02 IST">
          <reporter-output>
          </reporter-output>
        </test-method> <!-- preCondition -->
        <test-method status="PASS" signature="createLead(java.lang.String, java.lang.String, java.lang.String, java.lang.String, java.lang.String)[pri:0, instance:testcase.CreateLead@1060b431]" name="createLead" duration-ms="13066" started-at="2021-05-25T13:34:02 IST" data-provider="fetchData" finished-at="2021-05-25T13:34:15 IST">
          <params>
            <param index="0">
              <value>
                <![CDATA[DemoCSR]]>
              </value>
            </param>
            <param index="1">
              <value>
                <![CDATA[crmsfa]]>
              </value>
            </param>
            <param index="2">
              <value>
                <![CDATA[Test Leaf]]>
              </value>
            </param>
            <param index="3">
              <value>
                <![CDATA[Deva]]>
              </value>
            </param>
            <param index="4">
              <value>
                <![CDATA[S]]>
              </value>
            </param>
          </params>
          <reporter-output>
          </reporter-output>
        </test-method> <!-- createLead -->
        <test-method status="PASS" signature="postCondition()[pri:0, instance:testcase.CreateLead@1060b431]" name="postCondition" is-config="true" duration-ms="248" started-at="2021-05-25T13:34:15 IST" finished-at="2021-05-25T13:34:15 IST">
          <reporter-output>
          </reporter-output>
        </test-method> <!-- postCondition -->
        <test-method status="PASS" signature="preCondition()[pri:0, instance:testcase.CreateLead@1060b431]" name="preCondition" is-config="true" duration-ms="3276" started-at="2021-05-25T13:34:15 IST" finished-at="2021-05-25T13:34:18 IST">
          <reporter-output>
          </reporter-output>
        </test-method> <!-- preCondition -->
        <test-method status="PASS" signature="createLead(java.lang.String, java.lang.String, java.lang.String, java.lang.String, java.lang.String)[pri:0, instance:testcase.CreateLead@1060b431]" name="createLead" duration-ms="11164" started-at="2021-05-25T13:34:18 IST" data-provider="fetchData" finished-at="2021-05-25T13:34:29 IST">
          <params>
            <param index="0">
              <value>
                <![CDATA[DemoCSR]]>
              </value>
            </param>
            <param index="1">
              <value>
                <![CDATA[crmsfa]]>
              </value>
            </param>
            <param index="2">
              <value>
                <![CDATA[Tcs]]>
              </value>
            </param>
            <param index="3">
              <value>
                <![CDATA[Kannan]]>
              </value>
            </param>
            <param index="4">
              <value>
                <![CDATA[K]]>
              </value>
            </param>
          </params>
          <reporter-output>
          </reporter-output>
        </test-method> <!-- createLead -->
        <test-method status="PASS" signature="postCondition()[pri:0, instance:testcase.CreateLead@1060b431]" name="postCondition" is-config="true" duration-ms="4182" started-at="2021-05-25T13:34:29 IST" finished-at="2021-05-25T13:34:33 IST">
          <reporter-output>
          </reporter-output>
        </test-method> <!-- postCondition -->
      </class> <!-- testcase.CreateLead -->
      <class name="testcase.DuplicateLead">
        <test-method status="PASS" signature="setFileName()[pri:0, instance:testcase.DuplicateLead@11758f2a]" name="setFileName" is-config="true" duration-ms="0" started-at="2021-05-25T13:35:35 IST" finished-at="2021-05-25T13:35:35 IST">
          <reporter-output>
          </reporter-output>
        </test-method> <!-- setFileName -->
        <test-method status="PASS" signature="preCondition()[pri:0, instance:testcase.DuplicateLead@11758f2a]" name="preCondition" is-config="true" duration-ms="2932" started-at="2021-05-25T13:35:35 IST" finished-at="2021-05-25T13:35:38 IST">
          <reporter-output>
          </reporter-output>
        </test-method> <!-- preCondition -->
        <test-method status="PASS" signature="duplicateLead(java.lang.String, java.lang.String, java.lang.String, java.lang.String)[pri:0, instance:testcase.DuplicateLead@11758f2a]" name="duplicateLead" duration-ms="17304" started-at="2021-05-25T13:35:38 IST" data-provider="fetchData" finished-at="2021-05-25T13:35:55 IST">
          <params>
            <param index="0">
              <value>
                <![CDATA[DemoCSR]]>
              </value>
            </param>
            <param index="1">
              <value>
                <![CDATA[crmsfa]]>
              </value>
            </param>
            <param index="2">
              <value>
                <![CDATA[Kani]]>
              </value>
            </param>
            <param index="3">
              <value>
                <![CDATA[kani@gmail.com]]>
              </value>
            </param>
          </params>
          <reporter-output>
          </reporter-output>
        </test-method> <!-- duplicateLead -->
        <test-method status="PASS" signature="postCondition()[pri:0, instance:testcase.DuplicateLead@11758f2a]" name="postCondition" is-config="true" duration-ms="155" started-at="2021-05-25T13:35:55 IST" finished-at="2021-05-25T13:35:55 IST">
          <reporter-output>
          </reporter-output>
        </test-method> <!-- postCondition -->
        <test-method status="PASS" signature="preCondition()[pri:0, instance:testcase.DuplicateLead@11758f2a]" name="preCondition" is-config="true" duration-ms="3125" started-at="2021-05-25T13:35:55 IST" finished-at="2021-05-25T13:35:58 IST">
          <reporter-output>
          </reporter-output>
        </test-method> <!-- preCondition -->
        <test-method status="PASS" signature="duplicateLead(java.lang.String, java.lang.String, java.lang.String, java.lang.String)[pri:0, instance:testcase.DuplicateLead@11758f2a]" name="duplicateLead" duration-ms="15512" started-at="2021-05-25T13:35:58 IST" data-provider="fetchData" finished-at="2021-05-25T13:36:14 IST">
          <params>
            <param index="0">
              <value>
                <![CDATA[DemoCSR]]>
              </value>
            </param>
            <param index="1">
              <value>
                <![CDATA[crmsfa]]>
              </value>
            </param>
            <param index="2">
              <value>
                <![CDATA[Mozhi]]>
              </value>
            </param>
            <param index="3">
              <value>
                <![CDATA[mozhi@gmail.com]]>
              </value>
            </param>
          </params>
          <reporter-output>
          </reporter-output>
        </test-method> <!-- duplicateLead -->
        <test-method status="PASS" signature="postCondition()[pri:0, instance:testcase.DuplicateLead@11758f2a]" name="postCondition" is-config="true" duration-ms="209" started-at="2021-05-25T13:36:14 IST" finished-at="2021-05-25T13:36:14 IST">
          <reporter-output>
          </reporter-output>
        </test-method> <!-- postCondition -->
        <test-method status="PASS" signature="preCondition()[pri:0, instance:testcase.DuplicateLead@11758f2a]" name="preCondition" is-config="true" duration-ms="3034" started-at="2021-05-25T13:36:14 IST" finished-at="2021-05-25T13:36:17 IST">
          <reporter-output>
          </reporter-output>
        </test-method> <!-- preCondition -->
        <test-method status="PASS" signature="duplicateLead(java.lang.String, java.lang.String, java.lang.String, java.lang.String)[pri:0, instance:testcase.DuplicateLead@11758f2a]" name="duplicateLead" duration-ms="16710" started-at="2021-05-25T13:36:17 IST" data-provider="fetchData" finished-at="2021-05-25T13:36:34 IST">
          <params>
            <param index="0">
              <value>
                <![CDATA[DemoCSR]]>
              </value>
            </param>
            <param index="1">
              <value>
                <![CDATA[crmsfa]]>
              </value>
            </param>
            <param index="2">
              <value>
                <![CDATA[Tamil]]>
              </value>
            </param>
            <param index="3">
              <value>
                <![CDATA[tamil@gmail.com]]>
              </value>
            </param>
          </params>
          <reporter-output>
          </reporter-output>
        </test-method> <!-- duplicateLead -->
        <test-method status="PASS" signature="postCondition()[pri:0, instance:testcase.DuplicateLead@11758f2a]" name="postCondition" is-config="true" duration-ms="198" started-at="2021-05-25T13:36:34 IST" finished-at="2021-05-25T13:36:34 IST">
          <reporter-output>
          </reporter-output>
        </test-method> <!-- postCondition -->
      </class> <!-- testcase.DuplicateLead -->
    </test> <!-- Test -->
  </suite> <!-- Suite -->
</testng-results>
